<?xml version="1.0" encoding="utf-8"?><testsuites name="pytest tests"><testsuite name="pytest" errors="0" failures="0" skipped="0" tests="14" time="4.100" timestamp="2026-06-08T15:17:22.270595+00:00" hostname="agent-env-9b69a8f7-aacb-41cd-bc75-ce09af0d25d4"><testcase classname="backend.tests.test_api" name="test_root" time="0.395" /><testcase classname="backend.tests.test_api" name="test_stats" time="0.097" /><testcase classname="backend.tests.test_api" name="test_factions_list" time="0.102" /><testcase classname="backend.tests.test_api" name="test_create_player_duplicate" time="0.276" /><testcase classname="backend.tests.test_api" name="test_update_player" time="0.080" /><testcase classname="backend.tests.test_api" name="test_faction_members" time="0.086" /><testcase classname="backend.tests.test_api" name="test_vehicle_crud" time="0.258" /><testcase classname="backend.tests.test_api" name="test_houses" time="0.242" /><testcase classname="backend.tests.test_api" name="test_businesses" time="0.163" /><testcase classname="backend.tests.test_api" name="test_payday_config" time="0.270" /><testcase classname="backend.tests.test_api" name="test_payday_run" time="0.350" /><testcase classname="backend.tests.test_api" name="test_election_flow" time="0.528" /><testcase classname="backend.tests.test_api" name="test_president_taxes_limits" time="0.406" /><testcase classname="backend.tests.test_api" name="test_president_get" time="0.155" /></testsuite></testsuites>